<?xml version="1.0" encoding="UTF-8"?>
<!-- Generated by org.testng.reporters.JUnitReportReporter -->
<testsuite hostname="LTIN513657" failures="0" tests="10" name="testCases.TestBeCognizant" time="120.083" errors="0" timestamp="2024-05-07T16:46:33 IST" skipped="0">
  <testcase classname="testCases.TestBeCognizant" name="testUser" time="6.648"/>
  <testcase classname="testCases.TestBeCognizant" name="testUser" time="6.258"/>
  <testcase classname="testCases.TestBeCognizant" name="testUserDetails" time="5.520"/>
  <testcase classname="testCases.TestBeCognizant" name="testUserDetails" time="5.459"/>
  <testcase classname="testCases.TestBeCognizant" name="AroundCognizant" time="2.845"/>
  <testcase classname="testCases.TestBeCognizant" name="AroundCognizant" time="2.826"/>
  <testcase classname="testCases.TestBeCognizant" name="seeAllNaviagtion" time="1.757"/>
  <testcase classname="testCases.TestBeCognizant" name="seeAllNaviagtion" time="2.454"/>
  <testcase classname="testCases.TestBeCognizant" name="seeAllNewsHeader" time="42.741"/>
  <testcase classname="testCases.TestBeCognizant" name="seeAllNewsHeader" time="43.575"/>
</testsuite> <!-- testCases.TestBeCognizant -->
